# JRE version: Java(TM) SE Runtime Environment (22.0.2+9) (build 22.0.2+9-70)
# Java VM: Java HotSpot(TM) 64-Bit Server VM (22.0.2+9-70, mixed mode, sharing, tiered, compressed oops, compressed class ptrs, g1 gc, windows-amd64)
GC Precious Log:
 CardTable entry size: 512
 Card Set container configuration: InlinePtr #cards 4 size 8 Array Of Cards #cards 32 size 80 Howl #buckets 8 coarsen threshold 7372 Howl Bitmap #cards 1024 size 144 coarsen threshold 921 Card regions per heap region 1 cards per card region 8192
 CPUs: 12 total, 12 available
 Memory: 7599M
 Large Page Support: Disabled
 NUMA Support: Disabled
 Compressed Oops: Enabled (Zero based)
 Heap Region Size: 4M
 Heap Min Capacity: 8M
 Heap Initial Capacity: 120M
 Heap Max Capacity: 8G
 Pre-touch: Disabled
 Parallel Workers: 10
 Concurrent Workers: 3
 Concurrent Refinement Workers: 10
 Periodic GC: Disabled
Heap:
 garbage-first heap   total reserved 8388608K, committed 229376K, used 157532K [0x0000000600000000, 0x0000000800000000)
  region size 4096K, 2 young (8192K), 2 survivors (8192K)
 Metaspace       used 115685K, committed 118336K, reserved 1179648K
  class space    used 16314K, committed 17536K, reserved 1048576K
GC Heap History (20 events):
Event: 85.417 GC heap after
{Heap after GC invocations=33 (full 0):
 garbage-first heap   total reserved 8388608K, committed 225280K, used 73403K [0x0000000600000000, 0x0000000800000000)
  region size 4096K, 1 young (4096K), 1 survivors (4096K)
 Metaspace       used 78357K, committed 80896K, reserved 1179648K
  class space    used 11567K, committed 12736K, reserved 1048576K
}
Event: 85.609 GC heap before
{Heap before GC invocations=34 (full 0):
 garbage-first heap   total reserved 8388608K, committed 225280K, used 81595K [0x0000000600000000, 0x0000000800000000)
  region size 4096K, 3 young (12288K), 1 survivors (4096K)
 Metaspace       used 78454K, committed 80960K, reserved 1179648K
  class space    used 11567K, committed 12736K, reserved 1048576K
}
Event: 85.614 GC heap after
{Heap after GC invocations=35 (full 0):
 garbage-first heap   total reserved 8388608K, committed 225280K, used 73954K [0x0000000600000000, 0x0000000800000000)
  region size 4096K, 1 young (4096K), 1 survivors (4096K)
 Metaspace       used 78454K, committed 80960K, reserved 1179648K
  class space    used 11567K, committed 12736K, reserved 1048576K
}
Event: 90.349 GC heap before
{Heap before GC invocations=35 (full 0):
 garbage-first heap   total reserved 8388608K, committed 225280K, used 180450K [0x0000000600000000, 0x0000000800000000)
  region size 4096K, 28 young (114688K), 1 survivors (4096K)
 Metaspace       used 78602K, committed 81024K, reserved 1179648K
  class space    used 11570K, committed 12736K, reserved 1048576K
}
Event: 90.382 GC heap after
{Heap after GC invocations=36 (full 0):
 garbage-first heap   total reserved 8388608K, committed 225280K, used 79144K [0x0000000600000000, 0x0000000800000000)
  region size 4096K, 2 young (8192K), 2 survivors (8192K)
 Metaspace       used 78602K, committed 81024K, reserved 1179648K
  class space    used 11570K, committed 12736K, reserved 1048576K
}
Event: 91.786 GC heap before
{Heap before GC invocations=36 (full 0):
 garbage-first heap   total reserved 8388608K, committed 225280K, used 140584K [0x0000000600000000, 0x0000000800000000)
  region size 4096K, 18 young (73728K), 2 survivors (8192K)
 Metaspace       used 81913K, committed 84480K, reserved 1179648K
  class space    used 11920K, committed 13120K, reserved 1048576K
}
Event: 91.800 GC heap after
{Heap after GC invocations=37 (full 0):
 garbage-first heap   total reserved 8388608K, committed 225280K, used 93894K [0x0000000600000000, 0x0000000800000000)
  region size 4096K, 3 young (12288K), 3 survivors (12288K)
 Metaspace       used 81913K, committed 84480K, reserved 1179648K
  class space    used 11920K, committed 13120K, reserved 1048576K
}
Event: 91.861 GC heap before
{Heap before GC invocations=37 (full 0):
 garbage-first heap   total reserved 8388608K, committed 225280K, used 97990K [0x0000000600000000, 0x0000000800000000)
  region size 4096K, 4 young (16384K), 3 survivors (12288K)
 Metaspace       used 82316K, committed 84864K, reserved 1179648K
  class space    used 11961K, committed 13184K, reserved 1048576K
}
Event: 91.869 GC heap after
{Heap after GC invocations=38 (full 0):
 garbage-first heap   total reserved 8388608K, committed 225280K, used 95682K [0x0000000600000000, 0x0000000800000000)
  region size 4096K, 1 young (4096K), 1 survivors (4096K)
 Metaspace       used 82316K, committed 84864K, reserved 1179648K
  class space    used 11961K, committed 13184K, reserved 1048576K
}
Event: 93.215 GC heap before
{Heap before GC invocations=38 (full 0):
 garbage-first heap   total reserved 8388608K, committed 225280K, used 185794K [0x0000000600000000, 0x0000000800000000)
  region size 4096K, 24 young (98304K), 1 survivors (4096K)
 Metaspace       used 88561K, committed 91136K, reserved 1179648K
  class space    used 12725K, committed 13952K, reserved 1048576K
}
Event: 93.221 GC heap after
{Heap after GC invocations=39 (full 0):
 garbage-first heap   total reserved 8388608K, committed 225280K, used 102203K [0x0000000600000000, 0x0000000800000000)
  region size 4096K, 2 young (8192K), 2 survivors (8192K)
 Metaspace       used 88561K, committed 91136K, reserved 1179648K
  class space    used 12725K, committed 13952K, reserved 1048576K
}
Event: 95.033 GC heap before
{Heap before GC invocations=39 (full 0):
 garbage-first heap   total reserved 8388608K, committed 225280K, used 188219K [0x0000000600000000, 0x0000000800000000)
  region size 4096K, 24 young (98304K), 2 survivors (8192K)
 Metaspace       used 97311K, committed 99904K, reserved 1179648K
  class space    used 13788K, committed 14976K, reserved 1048576K
}
Event: 95.045 GC heap after
{Heap after GC invocations=40 (full 0):
 garbage-first heap   total reserved 8388608K, committed 225280K, used 109225K [0x0000000600000000, 0x0000000800000000)
  region size 4096K, 2 young (8192K), 2 survivors (8192K)
 Metaspace       used 97311K, committed 99904K, reserved 1179648K
  class space    used 13788K, committed 14976K, reserved 1048576K
}
Event: 96.369 GC heap before
{Heap before GC invocations=40 (full 0):
 garbage-first heap   total reserved 8388608K, committed 225280K, used 195241K [0x0000000600000000, 0x0000000800000000)
  region size 4096K, 23 young (94208K), 2 survivors (8192K)
 Metaspace       used 104724K, committed 107392K, reserved 1179648K
  class space    used 15166K, committed 16384K, reserved 1048576K
}
Event: 96.385 GC heap after
{Heap after GC invocations=41 (full 0):
 garbage-first heap   total reserved 8388608K, committed 225280K, used 125042K [0x0000000600000000, 0x0000000800000000)
  region size 4096K, 3 young (12288K), 3 survivors (12288K)
 Metaspace       used 104724K, committed 107392K, reserved 1179648K
  class space    used 15166K, committed 16384K, reserved 1048576K
}
Event: 96.975 GC heap before
{Heap before GC invocations=42 (full 0):
 garbage-first heap   total reserved 8388608K, committed 225280K, used 190578K [0x0000000600000000, 0x0000000800000000)
  region size 4096K, 19 young (77824K), 3 survivors (12288K)
 Metaspace       used 106354K, committed 108992K, reserved 1179648K
  class space    used 15367K, committed 16576K, reserved 1048576K
}
Event: 96.992 GC heap after
{Heap after GC invocations=43 (full 0):
 garbage-first heap   total reserved 8388608K, committed 229376K, used 150427K [0x0000000600000000, 0x0000000800000000)
  region size 4096K, 3 young (12288K), 3 survivors (12288K)
 Metaspace       used 106354K, committed 108992K, reserved 1179648K
  class space    used 15367K, committed 16576K, reserved 1048576K
}
Event: 97.849 GC heap before
{Heap before GC invocations=43 (full 0):
 garbage-first heap   total reserved 8388608K, committed 229376K, used 195483K [0x0000000600000000, 0x0000000800000000)
  region size 4096K, 14 young (57344K), 3 survivors (12288K)
 Metaspace       used 110817K, committed 113472K, reserved 1179648K
  class space    used 15825K, committed 17024K, reserved 1048576K
}
Event: 97.859 GC heap after
{Heap after GC invocations=44 (full 0):
 garbage-first heap   total reserved 8388608K, committed 229376K, used 156496K [0x0000000600000000, 0x0000000800000000)
  region size 4096K, 2 young (8192K), 2 survivors (8192K)
 Metaspace       used 110817K, committed 113472K, reserved 1179648K
  class space    used 15825K, committed 17024K, reserved 1048576K
}
Event: 98.582 GC heap before
{Heap before GC invocations=44 (full 0):
 garbage-first heap   total reserved 8388608K, committed 229376K, used 197456K [0x0000000600000000, 0x0000000800000000)
  region size 4096K, 13 young (53248K), 2 survivors (8192K)
 Metaspace       used 115685K, committed 118336K, reserved 1179648K
  class space    used 16314K, committed 17536K, reserved 1048576K
}

