# JRE version: Java(TM) SE Runtime Environment (22.0.2+9) (build 22.0.2+9-70)
# Java VM: Java HotSpot(TM) 64-Bit Server VM (22.0.2+9-70, mixed mode, sharing, tiered, compressed oops, compressed class ptrs, g1 gc, windows-amd64)
GC Precious Log:
 CardTable entry size: 512
 Card Set container configuration: InlinePtr #cards 4 size 8 Array Of Cards #cards 32 size 80 Howl #buckets 8 coarsen threshold 7372 Howl Bitmap #cards 1024 size 144 coarsen threshold 921 Card regions per heap region 1 cards per card region 8192
 CPUs: 12 total, 12 available
 Memory: 7599M
 Large Page Support: Disabled
 NUMA Support: Disabled
 Compressed Oops: Enabled (Zero based)
 Heap Region Size: 4M
 Heap Min Capacity: 8M
 Heap Initial Capacity: 120M
 Heap Max Capacity: 8G
 Pre-touch: Disabled
 Parallel Workers: 10
 Concurrent Workers: 3
 Concurrent Refinement Workers: 10
 Periodic GC: Disabled
Heap:
 garbage-first heap   total reserved 8388608K, committed 221184K, used 141740K [0x0000000600000000, 0x0000000800000000)
  region size 4096K, 2 young (8192K), 2 survivors (8192K)
 Metaspace       used 104953K, committed 107520K, reserved 1179648K
  class space    used 15079K, committed 16320K, reserved 1048576K
GC Heap History (20 events):
Event: 21.872 GC heap after
{Heap after GC invocations=35 (full 0):
 garbage-first heap   total reserved 8388608K, committed 143360K, used 84666K [0x0000000600000000, 0x0000000800000000)
  region size 4096K, 1 young (4096K), 1 survivors (4096K)
 Metaspace       used 76680K, committed 78976K, reserved 1179648K
  class space    used 11224K, committed 12352K, reserved 1048576K
}
Event: 22.452 GC heap before
{Heap before GC invocations=35 (full 0):
 garbage-first heap   total reserved 8388608K, committed 143360K, used 117434K [0x0000000600000000, 0x0000000800000000)
  region size 4096K, 10 young (40960K), 1 survivors (4096K)
 Metaspace       used 80905K, committed 83200K, reserved 1179648K
  class space    used 11670K, committed 12800K, reserved 1048576K
}
Event: 22.457 GC heap after
{Heap after GC invocations=36 (full 0):
 garbage-first heap   total reserved 8388608K, committed 143360K, used 86698K [0x0000000600000000, 0x0000000800000000)
  region size 4096K, 2 young (8192K), 2 survivors (8192K)
 Metaspace       used 80905K, committed 83200K, reserved 1179648K
  class space    used 11670K, committed 12800K, reserved 1048576K
}
Event: 22.769 GC heap before
{Heap before GC invocations=36 (full 0):
 garbage-first heap   total reserved 8388608K, committed 143360K, used 119466K [0x0000000600000000, 0x0000000800000000)
  region size 4096K, 10 young (40960K), 2 survivors (8192K)
 Metaspace       used 82221K, committed 84544K, reserved 1179648K
  class space    used 11858K, committed 12992K, reserved 1048576K
}
Event: 22.775 GC heap after
{Heap after GC invocations=37 (full 0):
 garbage-first heap   total reserved 8388608K, committed 143360K, used 90504K [0x0000000600000000, 0x0000000800000000)
  region size 4096K, 2 young (8192K), 2 survivors (8192K)
 Metaspace       used 82221K, committed 84544K, reserved 1179648K
  class space    used 11858K, committed 12992K, reserved 1048576K
}
Event: 23.267 GC heap before
{Heap before GC invocations=38 (full 0):
 garbage-first heap   total reserved 8388608K, committed 159744K, used 115080K [0x0000000600000000, 0x0000000800000000)
  region size 4096K, 9 young (36864K), 2 survivors (8192K)
 Metaspace       used 84046K, committed 86400K, reserved 1179648K
  class space    used 12119K, committed 13248K, reserved 1048576K
}
Event: 23.272 GC heap after
{Heap after GC invocations=39 (full 0):
 garbage-first heap   total reserved 8388608K, committed 159744K, used 92562K [0x0000000600000000, 0x0000000800000000)
  region size 4096K, 1 young (4096K), 1 survivors (4096K)
 Metaspace       used 84046K, committed 86400K, reserved 1179648K
  class space    used 12119K, committed 13248K, reserved 1048576K
}
Event: 26.293 GC heap before
{Heap before GC invocations=39 (full 0):
 garbage-first heap   total reserved 8388608K, committed 159744K, used 129426K [0x0000000600000000, 0x0000000800000000)
  region size 4096K, 11 young (45056K), 1 survivors (4096K)
 Metaspace       used 86604K, committed 88960K, reserved 1179648K
  class space    used 12436K, committed 13568K, reserved 1048576K
}
Event: 26.298 GC heap after
{Heap after GC invocations=40 (full 0):
 garbage-first heap   total reserved 8388608K, committed 159744K, used 96964K [0x0000000600000000, 0x0000000800000000)
  region size 4096K, 2 young (8192K), 2 survivors (8192K)
 Metaspace       used 86604K, committed 88960K, reserved 1179648K
  class space    used 12436K, committed 13568K, reserved 1048576K
}
Event: 27.078 GC heap before
{Heap before GC invocations=40 (full 0):
 garbage-first heap   total reserved 8388608K, committed 159744K, used 137924K [0x0000000600000000, 0x0000000800000000)
  region size 4096K, 12 young (49152K), 2 survivors (8192K)
 Metaspace       used 92349K, committed 94784K, reserved 1179648K
  class space    used 13124K, committed 14272K, reserved 1048576K
}
Event: 27.084 GC heap after
{Heap after GC invocations=41 (full 0):
 garbage-first heap   total reserved 8388608K, committed 159744K, used 98074K [0x0000000600000000, 0x0000000800000000)
  region size 4096K, 1 young (4096K), 1 survivors (4096K)
 Metaspace       used 92349K, committed 94784K, reserved 1179648K
  class space    used 13124K, committed 14272K, reserved 1048576K
}
Event: 27.941 GC heap before
{Heap before GC invocations=42 (full 0):
 garbage-first heap   total reserved 8388608K, committed 172032K, used 139034K [0x0000000600000000, 0x0000000800000000)
  region size 4096K, 11 young (45056K), 1 survivors (4096K)
 Metaspace       used 98282K, committed 100736K, reserved 1179648K
  class space    used 14224K, committed 15424K, reserved 1048576K
}
Event: 27.944 GC heap after
{Heap after GC invocations=43 (full 0):
 garbage-first heap   total reserved 8388608K, committed 172032K, used 99555K [0x0000000600000000, 0x0000000800000000)
  region size 4096K, 1 young (4096K), 1 survivors (4096K)
 Metaspace       used 98282K, committed 100736K, reserved 1179648K
  class space    used 14224K, committed 15424K, reserved 1048576K
}
Event: 28.319 GC heap before
{Heap before GC invocations=43 (full 0):
 garbage-first heap   total reserved 8388608K, committed 172032K, used 148707K [0x0000000600000000, 0x0000000800000000)
  region size 4096K, 13 young (53248K), 1 survivors (4096K)
 Metaspace       used 99867K, committed 102400K, reserved 1179648K
  class space    used 14529K, committed 15744K, reserved 1048576K
}
Event: 28.331 GC heap after
{Heap after GC invocations=44 (full 0):
 garbage-first heap   total reserved 8388608K, committed 172032K, used 114688K [0x0000000600000000, 0x0000000800000000)
  region size 4096K, 2 young (8192K), 2 survivors (8192K)
 Metaspace       used 99867K, committed 102400K, reserved 1179648K
  class space    used 14529K, committed 15744K, reserved 1048576K
}
Event: 28.443 GC heap before
{Heap before GC invocations=44 (full 0):
 garbage-first heap   total reserved 8388608K, committed 172032K, used 147456K [0x0000000600000000, 0x0000000800000000)
  region size 4096K, 10 young (40960K), 2 survivors (8192K)
 Metaspace       used 99872K, committed 102400K, reserved 1179648K
  class space    used 14529K, committed 15744K, reserved 1048576K
}
Event: 28.456 GC heap after
{Heap after GC invocations=45 (full 0):
 garbage-first heap   total reserved 8388608K, committed 172032K, used 130316K [0x0000000600000000, 0x0000000800000000)
  region size 4096K, 2 young (8192K), 2 survivors (8192K)
 Metaspace       used 99872K, committed 102400K, reserved 1179648K
  class space    used 14529K, committed 15744K, reserved 1048576K
}
Event: 28.649 GC heap before
{Heap before GC invocations=46 (full 0):
 garbage-first heap   total reserved 8388608K, committed 221184K, used 146700K [0x0000000600000000, 0x0000000800000000)
  region size 4096K, 7 young (28672K), 2 survivors (8192K)
 Metaspace       used 100235K, committed 102784K, reserved 1179648K
  class space    used 14583K, committed 15808K, reserved 1048576K
}
Event: 28.657 GC heap after
{Heap after GC invocations=47 (full 0):
 garbage-first heap   total reserved 8388608K, committed 221184K, used 138540K [0x0000000600000000, 0x0000000800000000)
  region size 4096K, 1 young (4096K), 1 survivors (4096K)
 Metaspace       used 100235K, committed 102784K, reserved 1179648K
  class space    used 14583K, committed 15808K, reserved 1048576K
}
Event: 29.532 GC heap before
{Heap before GC invocations=47 (full 0):
 garbage-first heap   total reserved 8388608K, committed 221184K, used 179500K [0x0000000600000000, 0x0000000800000000)
  region size 4096K, 11 young (45056K), 1 survivors (4096K)
 Metaspace       used 104953K, committed 107520K, reserved 1179648K
  class space    used 15079K, committed 16320K, reserved 1048576K
}

